<?xml version="1.0" encoding="UTF-8"?>
<testng-results ignored="0" total="1" passed="1" failed="0" skipped="0">
  <reporter-output>
  </reporter-output>
  <suite started-at="2021-02-11T10:55:28 IST" name="Suite" finished-at="2021-02-11T10:55:55 IST" duration-ms="26466">
    <groups>
    </groups>
    <test started-at="2021-02-11T10:55:28 IST" name="Test" finished-at="2021-02-11T10:55:55 IST" duration-ms="26466">
      <class name="amazon.SeachProduct">
        <test-method is-config="true" signature="launchAmazon()[pri:0, instance:amazon.SeachProduct@e1de817]" started-at="2021-02-11T10:55:28 IST" name="launchAmazon" finished-at="2021-02-11T10:55:43 IST" duration-ms="15197" status="PASS">
          <reporter-output>
          </reporter-output>
        </test-method> <!-- launchAmazon -->
        <test-method signature="searchProduct(java.lang.String)[pri:0, instance:amazon.SeachProduct@e1de817]" started-at="2021-02-11T10:55:44 IST" name="searchProduct" data-provider="SearchDataProvider" finished-at="2021-02-11T10:55:55 IST" duration-ms="10124" status="PASS">
          <params>
            <param index="0">
              <value>
                <![CDATA[Iphone12]]>
              </value>
            </param>
          </params>
          <reporter-output>
          </reporter-output>
        </test-method> <!-- searchProduct -->
        <test-method is-config="true" signature="closeAmazon()[pri:0, instance:amazon.SeachProduct@e1de817]" started-at="2021-02-11T10:55:55 IST" name="closeAmazon" finished-at="2021-02-11T10:55:55 IST" duration-ms="119" status="PASS">
          <reporter-output>
          </reporter-output>
        </test-method> <!-- closeAmazon -->
      </class> <!-- amazon.SeachProduct -->
    </test> <!-- Test -->
  </suite> <!-- Suite -->
</testng-results>
